2024-05-04 12:05:57,791 [Worker-6: Loading available Gradle versions] INFO  o.e.b.c.i.u.g.PublishedGradleVersions - Gradle version information cache is up-to-date. Trying to read.
2024-05-04 12:05:58,367 [ForkJoinPool.commonPool-worker-1] INFO  o.s.s.s.o.s.c.s.PostProcessorRegistrationDelegate$BeanPostProcessorChecker - Bean 'sonarLintSpringAppConfig' of type [org.sonarsource.sonarlint.core.spring.SonarLintSpringAppConfig$$EnhancerBySpringCGLIB$$e61d25db] is not eligible for getting processed by all BeanPostProcessors (for example: not eligible for auto-proxying)
2024-05-04 12:05:58,402 [ForkJoinPool.commonPool-worker-1] INFO  o.s.s.s.o.s.c.s.PostProcessorRegistrationDelegate$BeanPostProcessorChecker - Bean 'provideClientEventBus' of type [com.google.common.eventbus.AsyncEventBus] is not eligible for getting processed by all BeanPostProcessors (for example: not eligible for auto-proxying)
2024-05-04 12:05:59,006 [ForkJoinPool.commonPool-worker-1] INFO  jetbrains.exodus.io.FileDataWriter - Interruptible file channel will be used
java.lang.reflect.InaccessibleObjectException: Unable to make public void sun.nio.ch.FileChannelImpl.setUninterruptible() accessible: module java.base does not "exports sun.nio.ch" to unnamed module @5c6c8992
	at java.base/java.lang.reflect.AccessibleObject.checkCanSetAccessible(AccessibleObject.java:354)
	at java.base/java.lang.reflect.AccessibleObject.checkCanSetAccessible(AccessibleObject.java:297)
	at java.base/java.lang.reflect.Method.checkCanSetAccessible(Method.java:199)
	at java.base/java.lang.reflect.Method.setAccessible(Method.java:193)
	at jetbrains.exodus.io.FileDataWriter$Companion$setUninterruptibleMethod$1.invoke(FileDataWriter.kt:188)
	at jetbrains.exodus.io.FileDataWriter$Companion$setUninterruptibleMethod$1.invoke(FileDataWriter.kt:185)
	at jetbrains.exodus.util.UnsafeHolder.doPrivileged$lambda-0(UnsafeHolder.kt:30)
	at java.base/java.security.AccessController.doPrivileged(AccessController.java:569)
	at jetbrains.exodus.util.UnsafeHolder.doPrivileged(UnsafeHolder.kt:29)
	at jetbrains.exodus.io.FileDataWriter.<clinit>(FileDataWriter.kt:185)
	at jetbrains.exodus.io.FileDataReaderWriterProvider.newFileDataWriter(FileDataReaderWriterProvider.kt:48)
	at jetbrains.exodus.io.FileDataReaderWriterProvider.newReaderWriter(FileDataReaderWriterProvider.kt:30)
	at jetbrains.exodus.log.LogConfig.createReaderWriter(LogConfig.java:359)
	at jetbrains.exodus.log.LogConfig.getReader(LogConfig.java:125)
	at jetbrains.exodus.log.Log.<init>(Log.kt:52)
	at jetbrains.exodus.env.Environments.newLogInstance(Environments.kt:117)
	at jetbrains.exodus.env.Environments.newLogInstance(Environments.kt:81)
	at jetbrains.exodus.env.Environments.newLogInstance(Environments.kt:77)
	at jetbrains.exodus.env.Environments$newInstance$4.invoke(Environments.kt:46)
	at jetbrains.exodus.env.Environments$newInstance$4.invoke(Environments.kt:46)
	at jetbrains.exodus.env.Environments.prepare(Environments.kt:120)
	at jetbrains.exodus.env.Environments.newInstance(Environments.kt:46)
	at org.sonarsource.sonarlint.core.local.only.XodusLocalOnlyIssueStore.buildEntityStore(XodusLocalOnlyIssueStore.java:201)
	at org.sonarsource.sonarlint.core.local.only.XodusLocalOnlyIssueStore.<init>(XodusLocalOnlyIssueStore.java:94)
	at org.sonarsource.sonarlint.core.local.only.LocalOnlyIssueStorageService.get(LocalOnlyIssueStorageService.java:49)
	at org.sonarsource.sonarlint.core.local.only.LocalOnlyIssueStorageService.purgeOldIssues(LocalOnlyIssueStorageService.java:43)
	at java.base/jdk.internal.reflect.NativeMethodAccessorImpl.invoke0(Native Method)
	at java.base/jdk.internal.reflect.NativeMethodAccessorImpl.invoke(NativeMethodAccessorImpl.java:77)
	at java.base/jdk.internal.reflect.DelegatingMethodAccessorImpl.invoke(DelegatingMethodAccessorImpl.java:43)
	at java.base/java.lang.reflect.Method.invoke(Method.java:568)
	at org.sonarsource.sonarlint.shaded.org.springframework.beans.factory.annotation.InitDestroyAnnotationBeanPostProcessor$LifecycleElement.invoke(InitDestroyAnnotationBeanPostProcessor.java:389)
	at org.sonarsource.sonarlint.shaded.org.springframework.beans.factory.annotation.InitDestroyAnnotationBeanPostProcessor$LifecycleMetadata.invokeInitMethods(InitDestroyAnnotationBeanPostProcessor.java:333)
	at org.sonarsource.sonarlint.shaded.org.springframework.beans.factory.annotation.InitDestroyAnnotationBeanPostProcessor.postProcessBeforeInitialization(InitDestroyAnnotationBeanPostProcessor.java:157)
	at org.sonarsource.sonarlint.shaded.org.springframework.beans.factory.support.AbstractAutowireCapableBeanFactory.applyBeanPostProcessorsBeforeInitialization(AbstractAutowireCapableBeanFactory.java:440)
	at org.sonarsource.sonarlint.shaded.org.springframework.beans.factory.support.AbstractAutowireCapableBeanFactory.initializeBean(AbstractAutowireCapableBeanFactory.java:1796)
	at org.sonarsource.sonarlint.shaded.org.springframework.beans.factory.support.AbstractAutowireCapableBeanFactory.doCreateBean(AbstractAutowireCapableBeanFactory.java:620)
	at org.sonarsource.sonarlint.shaded.org.springframework.beans.factory.support.AbstractAutowireCapableBeanFactory.createBean(AbstractAutowireCapableBeanFactory.java:542)
	at org.sonarsource.sonarlint.shaded.org.springframework.beans.factory.support.AbstractBeanFactory.lambda$doGetBean$0(AbstractBeanFactory.java:335)
	at org.sonarsource.sonarlint.shaded.org.springframework.beans.factory.support.DefaultSingletonBeanRegistry.getSingleton(DefaultSingletonBeanRegistry.java:234)
	at org.sonarsource.sonarlint.shaded.org.springframework.beans.factory.support.AbstractBeanFactory.doGetBean(AbstractBeanFactory.java:333)
	at org.sonarsource.sonarlint.shaded.org.springframework.beans.factory.support.AbstractBeanFactory.getBean(AbstractBeanFactory.java:208)
	at org.sonarsource.sonarlint.shaded.org.springframework.beans.factory.config.DependencyDescriptor.resolveCandidate(DependencyDescriptor.java:276)
	at org.sonarsource.sonarlint.shaded.org.springframework.beans.factory.support.DefaultListableBeanFactory.doResolveDependency(DefaultListableBeanFactory.java:1391)
	at org.sonarsource.sonarlint.shaded.org.springframework.beans.factory.support.DefaultListableBeanFactory.resolveDependency(DefaultListableBeanFactory.java:1311)
	at org.sonarsource.sonarlint.shaded.org.springframework.beans.factory.support.ConstructorResolver.resolveAutowiredArgument(ConstructorResolver.java:887)
	at org.sonarsource.sonarlint.shaded.org.springframework.beans.factory.support.ConstructorResolver.createArgumentArray(ConstructorResolver.java:791)
	at org.sonarsource.sonarlint.shaded.org.springframework.beans.factory.support.ConstructorResolver.autowireConstructor(ConstructorResolver.java:229)
	at org.sonarsource.sonarlint.shaded.org.springframework.beans.factory.support.AbstractAutowireCapableBeanFactory.autowireConstructor(AbstractAutowireCapableBeanFactory.java:1372)
	at org.sonarsource.sonarlint.shaded.org.springframework.beans.factory.support.AbstractAutowireCapableBeanFactory.createBeanInstance(AbstractAutowireCapableBeanFactory.java:1222)
	at org.sonarsource.sonarlint.shaded.org.springframework.beans.factory.support.AbstractAutowireCapableBeanFactory.doCreateBean(AbstractAutowireCapableBeanFactory.java:582)
	at org.sonarsource.sonarlint.shaded.org.springframework.beans.factory.support.AbstractAutowireCapableBeanFactory.createBean(AbstractAutowireCapableBeanFactory.java:542)
	at org.sonarsource.sonarlint.shaded.org.springframework.beans.factory.support.AbstractBeanFactory.lambda$doGetBean$0(AbstractBeanFactory.java:335)
	at org.sonarsource.sonarlint.shaded.org.springframework.beans.factory.support.DefaultSingletonBeanRegistry.getSingleton(DefaultSingletonBeanRegistry.java:234)
	at org.sonarsource.sonarlint.shaded.org.springframework.beans.factory.support.AbstractBeanFactory.doGetBean(AbstractBeanFactory.java:333)
	at org.sonarsource.sonarlint.shaded.org.springframework.beans.factory.support.AbstractBeanFactory.getBean(AbstractBeanFactory.java:208)
	at org.sonarsource.sonarlint.shaded.org.springframework.beans.factory.support.DefaultListableBeanFactory.preInstantiateSingletons(DefaultListableBeanFactory.java:955)
	at org.sonarsource.sonarlint.shaded.org.springframework.context.support.AbstractApplicationContext.finishBeanFactoryInitialization(AbstractApplicationContext.java:920)
	at org.sonarsource.sonarlint.shaded.org.springframework.context.support.AbstractApplicationContext.refresh(AbstractApplicationContext.java:583)
	at org.sonarsource.sonarlint.core.SonarLintBackendImpl.lambda$initialize$2(SonarLintBackendImpl.java:64)
	at java.base/java.util.concurrent.CompletableFuture$AsyncRun.run(CompletableFuture.java:1804)
	at java.base/java.util.concurrent.CompletableFuture$AsyncRun.exec(CompletableFuture.java:1796)
	at java.base/java.util.concurrent.ForkJoinTask.doExec(ForkJoinTask.java:373)
	at java.base/java.util.concurrent.ForkJoinPool$WorkQueue.topLevelExec(ForkJoinPool.java:1182)
	at java.base/java.util.concurrent.ForkJoinPool.scan(ForkJoinPool.java:1655)
	at java.base/java.util.concurrent.ForkJoinPool.runWorker(ForkJoinPool.java:1622)
	at java.base/java.util.concurrent.ForkJoinWorkerThread.run(ForkJoinWorkerThread.java:165)
2024-05-04 12:05:59,009 [ForkJoinPool.commonPool-worker-1] WARN  jetbrains.exodus.io.FileDataWriter - Can't open directory channel. Log directory fsync won't be performed.
2024-05-04 12:05:59,154 [ForkJoinPool.commonPool-worker-1] INFO  j.exodus.env.EnvironmentImpl - Exodus environment created: C:\Users\tahir\.sonarlint\xodus-local-only-issue-store11971202417002617434
2024-05-11 09:31:12,429 [ForkJoinPool.commonPool-worker-113] INFO  j.exodus.util.CompressBackupUtil - Backup file "local_only_issue_backup2024-05-11-09-31-12.tar.gz" created.
2024-05-11 10:21:29,943 [Worker-1: Loading available Gradle versions] INFO  o.e.b.c.i.u.g.PublishedGradleVersions - Gradle version information cache is out-of-date. Trying to update.
2024-05-11 10:21:30,675 [ForkJoinPool.commonPool-worker-1] INFO  o.s.s.s.o.s.c.s.PostProcessorRegistrationDelegate$BeanPostProcessorChecker - Bean 'sonarLintSpringAppConfig' of type [org.sonarsource.sonarlint.core.spring.SonarLintSpringAppConfig$$EnhancerBySpringCGLIB$$d718d59c] is not eligible for getting processed by all BeanPostProcessors (for example: not eligible for auto-proxying)
2024-05-11 10:21:30,731 [ForkJoinPool.commonPool-worker-1] INFO  o.s.s.s.o.s.c.s.PostProcessorRegistrationDelegate$BeanPostProcessorChecker - Bean 'provideClientEventBus' of type [com.google.common.eventbus.AsyncEventBus] is not eligible for getting processed by all BeanPostProcessors (for example: not eligible for auto-proxying)
2024-05-11 10:21:31,408 [ForkJoinPool.commonPool-worker-1] INFO  jetbrains.exodus.io.FileDataWriter - Interruptible file channel will be used
java.lang.reflect.InaccessibleObjectException: Unable to make public void sun.nio.ch.FileChannelImpl.setUninterruptible() accessible: module java.base does not "exports sun.nio.ch" to unnamed module @702cef73
	at java.base/java.lang.reflect.AccessibleObject.checkCanSetAccessible(AccessibleObject.java:354)
	at java.base/java.lang.reflect.AccessibleObject.checkCanSetAccessible(AccessibleObject.java:297)
	at java.base/java.lang.reflect.Method.checkCanSetAccessible(Method.java:199)
	at java.base/java.lang.reflect.Method.setAccessible(Method.java:193)
	at jetbrains.exodus.io.FileDataWriter$Companion$setUninterruptibleMethod$1.invoke(FileDataWriter.kt:188)
	at jetbrains.exodus.io.FileDataWriter$Companion$setUninterruptibleMethod$1.invoke(FileDataWriter.kt:185)
	at jetbrains.exodus.util.UnsafeHolder.doPrivileged$lambda-0(UnsafeHolder.kt:30)
	at java.base/java.security.AccessController.doPrivileged(AccessController.java:569)
	at jetbrains.exodus.util.UnsafeHolder.doPrivileged(UnsafeHolder.kt:29)
	at jetbrains.exodus.io.FileDataWriter.<clinit>(FileDataWriter.kt:185)
	at jetbrains.exodus.io.FileDataReaderWriterProvider.newFileDataWriter(FileDataReaderWriterProvider.kt:48)
	at jetbrains.exodus.io.FileDataReaderWriterProvider.newReaderWriter(FileDataReaderWriterProvider.kt:30)
	at jetbrains.exodus.log.LogConfig.createReaderWriter(LogConfig.java:359)
	at jetbrains.exodus.log.LogConfig.getReader(LogConfig.java:125)
	at jetbrains.exodus.log.Log.<init>(Log.kt:52)
	at jetbrains.exodus.env.Environments.newLogInstance(Environments.kt:117)
	at jetbrains.exodus.env.Environments.newLogInstance(Environments.kt:81)
	at jetbrains.exodus.env.Environments.newLogInstance(Environments.kt:77)
	at jetbrains.exodus.env.Environments$newInstance$4.invoke(Environments.kt:46)
	at jetbrains.exodus.env.Environments$newInstance$4.invoke(Environments.kt:46)
	at jetbrains.exodus.env.Environments.prepare(Environments.kt:120)
	at jetbrains.exodus.env.Environments.newInstance(Environments.kt:46)
	at org.sonarsource.sonarlint.core.local.only.XodusLocalOnlyIssueStore.buildEntityStore(XodusLocalOnlyIssueStore.java:201)
	at org.sonarsource.sonarlint.core.local.only.XodusLocalOnlyIssueStore.<init>(XodusLocalOnlyIssueStore.java:94)
	at org.sonarsource.sonarlint.core.local.only.LocalOnlyIssueStorageService.get(LocalOnlyIssueStorageService.java:49)
	at org.sonarsource.sonarlint.core.local.only.LocalOnlyIssueStorageService.purgeOldIssues(LocalOnlyIssueStorageService.java:43)
	at java.base/jdk.internal.reflect.NativeMethodAccessorImpl.invoke0(Native Method)
	at java.base/jdk.internal.reflect.NativeMethodAccessorImpl.invoke(NativeMethodAccessorImpl.java:77)
	at java.base/jdk.internal.reflect.DelegatingMethodAccessorImpl.invoke(DelegatingMethodAccessorImpl.java:43)
	at java.base/java.lang.reflect.Method.invoke(Method.java:568)
	at org.sonarsource.sonarlint.shaded.org.springframework.beans.factory.annotation.InitDestroyAnnotationBeanPostProcessor$LifecycleElement.invoke(InitDestroyAnnotationBeanPostProcessor.java:389)
	at org.sonarsource.sonarlint.shaded.org.springframework.beans.factory.annotation.InitDestroyAnnotationBeanPostProcessor$LifecycleMetadata.invokeInitMethods(InitDestroyAnnotationBeanPostProcessor.java:333)
	at org.sonarsource.sonarlint.shaded.org.springframework.beans.factory.annotation.InitDestroyAnnotationBeanPostProcessor.postProcessBeforeInitialization(InitDestroyAnnotationBeanPostProcessor.java:157)
	at org.sonarsource.sonarlint.shaded.org.springframework.beans.factory.support.AbstractAutowireCapableBeanFactory.applyBeanPostProcessorsBeforeInitialization(AbstractAutowireCapableBeanFactory.java:440)
	at org.sonarsource.sonarlint.shaded.org.springframework.beans.factory.support.AbstractAutowireCapableBeanFactory.initializeBean(AbstractAutowireCapableBeanFactory.java:1796)
	at org.sonarsource.sonarlint.shaded.org.springframework.beans.factory.support.AbstractAutowireCapableBeanFactory.doCreateBean(AbstractAutowireCapableBeanFactory.java:620)
	at org.sonarsource.sonarlint.shaded.org.springframework.beans.factory.support.AbstractAutowireCapableBeanFactory.createBean(AbstractAutowireCapableBeanFactory.java:542)
	at org.sonarsource.sonarlint.shaded.org.springframework.beans.factory.support.AbstractBeanFactory.lambda$doGetBean$0(AbstractBeanFactory.java:335)
	at org.sonarsource.sonarlint.shaded.org.springframework.beans.factory.support.DefaultSingletonBeanRegistry.getSingleton(DefaultSingletonBeanRegistry.java:234)
	at org.sonarsource.sonarlint.shaded.org.springframework.beans.factory.support.AbstractBeanFactory.doGetBean(AbstractBeanFactory.java:333)
	at org.sonarsource.sonarlint.shaded.org.springframework.beans.factory.support.AbstractBeanFactory.getBean(AbstractBeanFactory.java:208)
	at org.sonarsource.sonarlint.shaded.org.springframework.beans.factory.config.DependencyDescriptor.resolveCandidate(DependencyDescriptor.java:276)
	at org.sonarsource.sonarlint.shaded.org.springframework.beans.factory.support.DefaultListableBeanFactory.doResolveDependency(DefaultListableBeanFactory.java:1391)
	at org.sonarsource.sonarlint.shaded.org.springframework.beans.factory.support.DefaultListableBeanFactory.resolveDependency(DefaultListableBeanFactory.java:1311)
	at org.sonarsource.sonarlint.shaded.org.springframework.beans.factory.support.ConstructorResolver.resolveAutowiredArgument(ConstructorResolver.java:887)
	at org.sonarsource.sonarlint.shaded.org.springframework.beans.factory.support.ConstructorResolver.createArgumentArray(ConstructorResolver.java:791)
	at org.sonarsource.sonarlint.shaded.org.springframework.beans.factory.support.ConstructorResolver.autowireConstructor(ConstructorResolver.java:229)
	at org.sonarsource.sonarlint.shaded.org.springframework.beans.factory.support.AbstractAutowireCapableBeanFactory.autowireConstructor(AbstractAutowireCapableBeanFactory.java:1372)
	at org.sonarsource.sonarlint.shaded.org.springframework.beans.factory.support.AbstractAutowireCapableBeanFactory.createBeanInstance(AbstractAutowireCapableBeanFactory.java:1222)
	at org.sonarsource.sonarlint.shaded.org.springframework.beans.factory.support.AbstractAutowireCapableBeanFactory.doCreateBean(AbstractAutowireCapableBeanFactory.java:582)
	at org.sonarsource.sonarlint.shaded.org.springframework.beans.factory.support.AbstractAutowireCapableBeanFactory.createBean(AbstractAutowireCapableBeanFactory.java:542)
	at org.sonarsource.sonarlint.shaded.org.springframework.beans.factory.support.AbstractBeanFactory.lambda$doGetBean$0(AbstractBeanFactory.java:335)
	at org.sonarsource.sonarlint.shaded.org.springframework.beans.factory.support.DefaultSingletonBeanRegistry.getSingleton(DefaultSingletonBeanRegistry.java:234)
	at org.sonarsource.sonarlint.shaded.org.springframework.beans.factory.support.AbstractBeanFactory.doGetBean(AbstractBeanFactory.java:333)
	at org.sonarsource.sonarlint.shaded.org.springframework.beans.factory.support.AbstractBeanFactory.getBean(AbstractBeanFactory.java:208)
	at org.sonarsource.sonarlint.shaded.org.springframework.beans.factory.support.DefaultListableBeanFactory.preInstantiateSingletons(DefaultListableBeanFactory.java:955)
	at org.sonarsource.sonarlint.shaded.org.springframework.context.support.AbstractApplicationContext.finishBeanFactoryInitialization(AbstractApplicationContext.java:920)
	at org.sonarsource.sonarlint.shaded.org.springframework.context.support.AbstractApplicationContext.refresh(AbstractApplicationContext.java:583)
	at org.sonarsource.sonarlint.core.SonarLintBackendImpl.lambda$initialize$2(SonarLintBackendImpl.java:64)
	at java.base/java.util.concurrent.CompletableFuture$AsyncRun.run(CompletableFuture.java:1804)
	at java.base/java.util.concurrent.CompletableFuture$AsyncRun.exec(CompletableFuture.java:1796)
	at java.base/java.util.concurrent.ForkJoinTask.doExec(ForkJoinTask.java:373)
	at java.base/java.util.concurrent.ForkJoinPool$WorkQueue.topLevelExec(ForkJoinPool.java:1182)
	at java.base/java.util.concurrent.ForkJoinPool.scan(ForkJoinPool.java:1655)
	at java.base/java.util.concurrent.ForkJoinPool.runWorker(ForkJoinPool.java:1622)
	at java.base/java.util.concurrent.ForkJoinWorkerThread.run(ForkJoinWorkerThread.java:165)
2024-05-11 10:21:31,411 [ForkJoinPool.commonPool-worker-1] WARN  jetbrains.exodus.io.FileDataWriter - Can't open directory channel. Log directory fsync won't be performed.
2024-05-11 10:21:31,605 [ForkJoinPool.commonPool-worker-1] INFO  j.exodus.env.EnvironmentImpl - Exodus environment created: C:\Users\tahir\.sonarlint\xodus-local-only-issue-store17791643270571344226
2024-05-11 10:21:31,608 [ForkJoinPool.commonPool-worker-1] INFO  j.exodus.gc.GarbageCollector - Queueing ComputeUtilizationFromScratchJob
2024-05-11 10:21:41,401 [Exodus shared background cleaner] INFO  j.exodus.gc.GarbageCollector - Started calculation of log utilization from scratch at C:\Users\tahir\.sonarlint\xodus-local-only-issue-store17791643270571344226
2024-05-11 10:21:41,428 [Exodus shared background cleaner] INFO  j.exodus.gc.GarbageCollector - Finished calculation of log utilization from scratch at C:\Users\tahir\.sonarlint\xodus-local-only-issue-store17791643270571344226
2024-05-15 14:30:05,595 [Worker-6: Loading available Gradle versions] INFO  o.e.b.c.i.u.g.PublishedGradleVersions - Gradle version information cache is out-of-date. Trying to update.
2024-05-15 14:30:06,228 [ForkJoinPool.commonPool-worker-1] INFO  o.s.s.s.o.s.c.s.PostProcessorRegistrationDelegate$BeanPostProcessorChecker - Bean 'sonarLintSpringAppConfig' of type [org.sonarsource.sonarlint.core.spring.SonarLintSpringAppConfig$$EnhancerBySpringCGLIB$$a84eb272] is not eligible for getting processed by all BeanPostProcessors (for example: not eligible for auto-proxying)
2024-05-15 14:30:06,277 [ForkJoinPool.commonPool-worker-1] INFO  o.s.s.s.o.s.c.s.PostProcessorRegistrationDelegate$BeanPostProcessorChecker - Bean 'provideClientEventBus' of type [com.google.common.eventbus.AsyncEventBus] is not eligible for getting processed by all BeanPostProcessors (for example: not eligible for auto-proxying)
2024-05-15 14:30:06,967 [ForkJoinPool.commonPool-worker-1] INFO  jetbrains.exodus.io.FileDataWriter - Interruptible file channel will be used
java.lang.reflect.InaccessibleObjectException: Unable to make public void sun.nio.ch.FileChannelImpl.setUninterruptible() accessible: module java.base does not "exports sun.nio.ch" to unnamed module @1b0b8db0
	at java.base/java.lang.reflect.AccessibleObject.checkCanSetAccessible(AccessibleObject.java:354)
	at java.base/java.lang.reflect.AccessibleObject.checkCanSetAccessible(AccessibleObject.java:297)
	at java.base/java.lang.reflect.Method.checkCanSetAccessible(Method.java:199)
	at java.base/java.lang.reflect.Method.setAccessible(Method.java:193)
	at jetbrains.exodus.io.FileDataWriter$Companion$setUninterruptibleMethod$1.invoke(FileDataWriter.kt:188)
	at jetbrains.exodus.io.FileDataWriter$Companion$setUninterruptibleMethod$1.invoke(FileDataWriter.kt:185)
	at jetbrains.exodus.util.UnsafeHolder.doPrivileged$lambda-0(UnsafeHolder.kt:30)
	at java.base/java.security.AccessController.doPrivileged(AccessController.java:569)
	at jetbrains.exodus.util.UnsafeHolder.doPrivileged(UnsafeHolder.kt:29)
	at jetbrains.exodus.io.FileDataWriter.<clinit>(FileDataWriter.kt:185)
	at jetbrains.exodus.io.FileDataReaderWriterProvider.newFileDataWriter(FileDataReaderWriterProvider.kt:48)
	at jetbrains.exodus.io.FileDataReaderWriterProvider.newReaderWriter(FileDataReaderWriterProvider.kt:30)
	at jetbrains.exodus.log.LogConfig.createReaderWriter(LogConfig.java:359)
	at jetbrains.exodus.log.LogConfig.getReader(LogConfig.java:125)
	at jetbrains.exodus.log.Log.<init>(Log.kt:52)
	at jetbrains.exodus.env.Environments.newLogInstance(Environments.kt:117)
	at jetbrains.exodus.env.Environments.newLogInstance(Environments.kt:81)
	at jetbrains.exodus.env.Environments.newLogInstance(Environments.kt:77)
	at jetbrains.exodus.env.Environments$newInstance$4.invoke(Environments.kt:46)
	at jetbrains.exodus.env.Environments$newInstance$4.invoke(Environments.kt:46)
	at jetbrains.exodus.env.Environments.prepare(Environments.kt:120)
	at jetbrains.exodus.env.Environments.newInstance(Environments.kt:46)
	at org.sonarsource.sonarlint.core.local.only.XodusLocalOnlyIssueStore.buildEntityStore(XodusLocalOnlyIssueStore.java:201)
	at org.sonarsource.sonarlint.core.local.only.XodusLocalOnlyIssueStore.<init>(XodusLocalOnlyIssueStore.java:94)
	at org.sonarsource.sonarlint.core.local.only.LocalOnlyIssueStorageService.get(LocalOnlyIssueStorageService.java:49)
	at org.sonarsource.sonarlint.core.local.only.LocalOnlyIssueStorageService.purgeOldIssues(LocalOnlyIssueStorageService.java:43)
	at java.base/jdk.internal.reflect.NativeMethodAccessorImpl.invoke0(Native Method)
	at java.base/jdk.internal.reflect.NativeMethodAccessorImpl.invoke(NativeMethodAccessorImpl.java:77)
	at java.base/jdk.internal.reflect.DelegatingMethodAccessorImpl.invoke(DelegatingMethodAccessorImpl.java:43)
	at java.base/java.lang.reflect.Method.invoke(Method.java:568)
	at org.sonarsource.sonarlint.shaded.org.springframework.beans.factory.annotation.InitDestroyAnnotationBeanPostProcessor$LifecycleElement.invoke(InitDestroyAnnotationBeanPostProcessor.java:389)
	at org.sonarsource.sonarlint.shaded.org.springframework.beans.factory.annotation.InitDestroyAnnotationBeanPostProcessor$LifecycleMetadata.invokeInitMethods(InitDestroyAnnotationBeanPostProcessor.java:333)
	at org.sonarsource.sonarlint.shaded.org.springframework.beans.factory.annotation.InitDestroyAnnotationBeanPostProcessor.postProcessBeforeInitialization(InitDestroyAnnotationBeanPostProcessor.java:157)
	at org.sonarsource.sonarlint.shaded.org.springframework.beans.factory.support.AbstractAutowireCapableBeanFactory.applyBeanPostProcessorsBeforeInitialization(AbstractAutowireCapableBeanFactory.java:440)
	at org.sonarsource.sonarlint.shaded.org.springframework.beans.factory.support.AbstractAutowireCapableBeanFactory.initializeBean(AbstractAutowireCapableBeanFactory.java:1796)
	at org.sonarsource.sonarlint.shaded.org.springframework.beans.factory.support.AbstractAutowireCapableBeanFactory.doCreateBean(AbstractAutowireCapableBeanFactory.java:620)
	at org.sonarsource.sonarlint.shaded.org.springframework.beans.factory.support.AbstractAutowireCapableBeanFactory.createBean(AbstractAutowireCapableBeanFactory.java:542)
	at org.sonarsource.sonarlint.shaded.org.springframework.beans.factory.support.AbstractBeanFactory.lambda$doGetBean$0(AbstractBeanFactory.java:335)
	at org.sonarsource.sonarlint.shaded.org.springframework.beans.factory.support.DefaultSingletonBeanRegistry.getSingleton(DefaultSingletonBeanRegistry.java:234)
	at org.sonarsource.sonarlint.shaded.org.springframework.beans.factory.support.AbstractBeanFactory.doGetBean(AbstractBeanFactory.java:333)
	at org.sonarsource.sonarlint.shaded.org.springframework.beans.factory.support.AbstractBeanFactory.getBean(AbstractBeanFactory.java:208)
	at org.sonarsource.sonarlint.shaded.org.springframework.beans.factory.config.DependencyDescriptor.resolveCandidate(DependencyDescriptor.java:276)
	at org.sonarsource.sonarlint.shaded.org.springframework.beans.factory.support.DefaultListableBeanFactory.doResolveDependency(DefaultListableBeanFactory.java:1391)
	at org.sonarsource.sonarlint.shaded.org.springframework.beans.factory.support.DefaultListableBeanFactory.resolveDependency(DefaultListableBeanFactory.java:1311)
	at org.sonarsource.sonarlint.shaded.org.springframework.beans.factory.support.ConstructorResolver.resolveAutowiredArgument(ConstructorResolver.java:887)
	at org.sonarsource.sonarlint.shaded.org.springframework.beans.factory.support.ConstructorResolver.createArgumentArray(ConstructorResolver.java:791)
	at org.sonarsource.sonarlint.shaded.org.springframework.beans.factory.support.ConstructorResolver.autowireConstructor(ConstructorResolver.java:229)
	at org.sonarsource.sonarlint.shaded.org.springframework.beans.factory.support.AbstractAutowireCapableBeanFactory.autowireConstructor(AbstractAutowireCapableBeanFactory.java:1372)
	at org.sonarsource.sonarlint.shaded.org.springframework.beans.factory.support.AbstractAutowireCapableBeanFactory.createBeanInstance(AbstractAutowireCapableBeanFactory.java:1222)
	at org.sonarsource.sonarlint.shaded.org.springframework.beans.factory.support.AbstractAutowireCapableBeanFactory.doCreateBean(AbstractAutowireCapableBeanFactory.java:582)
	at org.sonarsource.sonarlint.shaded.org.springframework.beans.factory.support.AbstractAutowireCapableBeanFactory.createBean(AbstractAutowireCapableBeanFactory.java:542)
	at org.sonarsource.sonarlint.shaded.org.springframework.beans.factory.support.AbstractBeanFactory.lambda$doGetBean$0(AbstractBeanFactory.java:335)
	at org.sonarsource.sonarlint.shaded.org.springframework.beans.factory.support.DefaultSingletonBeanRegistry.getSingleton(DefaultSingletonBeanRegistry.java:234)
	at org.sonarsource.sonarlint.shaded.org.springframework.beans.factory.support.AbstractBeanFactory.doGetBean(AbstractBeanFactory.java:333)
	at org.sonarsource.sonarlint.shaded.org.springframework.beans.factory.support.AbstractBeanFactory.getBean(AbstractBeanFactory.java:208)
	at org.sonarsource.sonarlint.shaded.org.springframework.beans.factory.support.DefaultListableBeanFactory.preInstantiateSingletons(DefaultListableBeanFactory.java:955)
	at org.sonarsource.sonarlint.shaded.org.springframework.context.support.AbstractApplicationContext.finishBeanFactoryInitialization(AbstractApplicationContext.java:920)
	at org.sonarsource.sonarlint.shaded.org.springframework.context.support.AbstractApplicationContext.refresh(AbstractApplicationContext.java:583)
	at org.sonarsource.sonarlint.core.SonarLintBackendImpl.lambda$initialize$2(SonarLintBackendImpl.java:64)
	at java.base/java.util.concurrent.CompletableFuture$AsyncRun.run(CompletableFuture.java:1804)
	at java.base/java.util.concurrent.CompletableFuture$AsyncRun.exec(CompletableFuture.java:1796)
	at java.base/java.util.concurrent.ForkJoinTask.doExec(ForkJoinTask.java:373)
	at java.base/java.util.concurrent.ForkJoinPool$WorkQueue.topLevelExec(ForkJoinPool.java:1182)
	at java.base/java.util.concurrent.ForkJoinPool.scan(ForkJoinPool.java:1655)
	at java.base/java.util.concurrent.ForkJoinPool.runWorker(ForkJoinPool.java:1622)
	at java.base/java.util.concurrent.ForkJoinWorkerThread.run(ForkJoinWorkerThread.java:165)
2024-05-15 14:30:06,967 [ForkJoinPool.commonPool-worker-1] WARN  jetbrains.exodus.io.FileDataWriter - Can't open directory channel. Log directory fsync won't be performed.
2024-05-15 14:30:07,131 [ForkJoinPool.commonPool-worker-1] INFO  j.exodus.env.EnvironmentImpl - Exodus environment created: C:\Users\tahir\.sonarlint\xodus-local-only-issue-store14771378168127943306
2024-05-15 14:30:07,135 [ForkJoinPool.commonPool-worker-1] INFO  j.exodus.gc.GarbageCollector - Queueing ComputeUtilizationFromScratchJob
2024-05-15 14:30:16,958 [Exodus shared background cleaner] INFO  j.exodus.gc.GarbageCollector - Started calculation of log utilization from scratch at C:\Users\tahir\.sonarlint\xodus-local-only-issue-store14771378168127943306
2024-05-15 14:30:16,977 [Exodus shared background cleaner] INFO  j.exodus.gc.GarbageCollector - Finished calculation of log utilization from scratch at C:\Users\tahir\.sonarlint\xodus-local-only-issue-store14771378168127943306
2024-05-17 11:35:44,763 [Worker-7: Loading available Gradle versions] INFO  o.e.b.c.i.u.g.PublishedGradleVersions - Gradle version information cache is out-of-date. Trying to update.
2024-05-17 11:35:45,490 [ForkJoinPool.commonPool-worker-1] INFO  o.s.s.s.o.s.c.s.PostProcessorRegistrationDelegate$BeanPostProcessorChecker - Bean 'sonarLintSpringAppConfig' of type [org.sonarsource.sonarlint.core.spring.SonarLintSpringAppConfig$$EnhancerBySpringCGLIB$$6bb38cf0] is not eligible for getting processed by all BeanPostProcessors (for example: not eligible for auto-proxying)
2024-05-17 11:35:45,538 [ForkJoinPool.commonPool-worker-1] INFO  o.s.s.s.o.s.c.s.PostProcessorRegistrationDelegate$BeanPostProcessorChecker - Bean 'provideClientEventBus' of type [com.google.common.eventbus.AsyncEventBus] is not eligible for getting processed by all BeanPostProcessors (for example: not eligible for auto-proxying)
2024-05-17 11:35:46,238 [ForkJoinPool.commonPool-worker-1] INFO  jetbrains.exodus.io.FileDataWriter - Interruptible file channel will be used
java.lang.reflect.InaccessibleObjectException: Unable to make public void sun.nio.ch.FileChannelImpl.setUninterruptible() accessible: module java.base does not "exports sun.nio.ch" to unnamed module @2ee2ed77
	at java.base/java.lang.reflect.AccessibleObject.checkCanSetAccessible(AccessibleObject.java:354)
	at java.base/java.lang.reflect.AccessibleObject.checkCanSetAccessible(AccessibleObject.java:297)
	at java.base/java.lang.reflect.Method.checkCanSetAccessible(Method.java:199)
	at java.base/java.lang.reflect.Method.setAccessible(Method.java:193)
	at jetbrains.exodus.io.FileDataWriter$Companion$setUninterruptibleMethod$1.invoke(FileDataWriter.kt:188)
	at jetbrains.exodus.io.FileDataWriter$Companion$setUninterruptibleMethod$1.invoke(FileDataWriter.kt:185)
	at jetbrains.exodus.util.UnsafeHolder.doPrivileged$lambda-0(UnsafeHolder.kt:30)
	at java.base/java.security.AccessController.doPrivileged(AccessController.java:569)
	at jetbrains.exodus.util.UnsafeHolder.doPrivileged(UnsafeHolder.kt:29)
	at jetbrains.exodus.io.FileDataWriter.<clinit>(FileDataWriter.kt:185)
	at jetbrains.exodus.io.FileDataReaderWriterProvider.newFileDataWriter(FileDataReaderWriterProvider.kt:48)
	at jetbrains.exodus.io.FileDataReaderWriterProvider.newReaderWriter(FileDataReaderWriterProvider.kt:30)
	at jetbrains.exodus.log.LogConfig.createReaderWriter(LogConfig.java:359)
	at jetbrains.exodus.log.LogConfig.getReader(LogConfig.java:125)
	at jetbrains.exodus.log.Log.<init>(Log.kt:52)
	at jetbrains.exodus.env.Environments.newLogInstance(Environments.kt:117)
	at jetbrains.exodus.env.Environments.newLogInstance(Environments.kt:81)
	at jetbrains.exodus.env.Environments.newLogInstance(Environments.kt:77)
	at jetbrains.exodus.env.Environments$newInstance$4.invoke(Environments.kt:46)
	at jetbrains.exodus.env.Environments$newInstance$4.invoke(Environments.kt:46)
	at jetbrains.exodus.env.Environments.prepare(Environments.kt:120)
	at jetbrains.exodus.env.Environments.newInstance(Environments.kt:46)
	at org.sonarsource.sonarlint.core.local.only.XodusLocalOnlyIssueStore.buildEntityStore(XodusLocalOnlyIssueStore.java:201)
	at org.sonarsource.sonarlint.core.local.only.XodusLocalOnlyIssueStore.<init>(XodusLocalOnlyIssueStore.java:94)
	at org.sonarsource.sonarlint.core.local.only.LocalOnlyIssueStorageService.get(LocalOnlyIssueStorageService.java:49)
	at org.sonarsource.sonarlint.core.local.only.LocalOnlyIssueStorageService.purgeOldIssues(LocalOnlyIssueStorageService.java:43)
	at java.base/jdk.internal.reflect.NativeMethodAccessorImpl.invoke0(Native Method)
	at java.base/jdk.internal.reflect.NativeMethodAccessorImpl.invoke(NativeMethodAccessorImpl.java:77)
	at java.base/jdk.internal.reflect.DelegatingMethodAccessorImpl.invoke(DelegatingMethodAccessorImpl.java:43)
	at java.base/java.lang.reflect.Method.invoke(Method.java:568)
	at org.sonarsource.sonarlint.shaded.org.springframework.beans.factory.annotation.InitDestroyAnnotationBeanPostProcessor$LifecycleElement.invoke(InitDestroyAnnotationBeanPostProcessor.java:389)
	at org.sonarsource.sonarlint.shaded.org.springframework.beans.factory.annotation.InitDestroyAnnotationBeanPostProcessor$LifecycleMetadata.invokeInitMethods(InitDestroyAnnotationBeanPostProcessor.java:333)
	at org.sonarsource.sonarlint.shaded.org.springframework.beans.factory.annotation.InitDestroyAnnotationBeanPostProcessor.postProcessBeforeInitialization(InitDestroyAnnotationBeanPostProcessor.java:157)
	at org.sonarsource.sonarlint.shaded.org.springframework.beans.factory.support.AbstractAutowireCapableBeanFactory.applyBeanPostProcessorsBeforeInitialization(AbstractAutowireCapableBeanFactory.java:440)
	at org.sonarsource.sonarlint.shaded.org.springframework.beans.factory.support.AbstractAutowireCapableBeanFactory.initializeBean(AbstractAutowireCapableBeanFactory.java:1796)
	at org.sonarsource.sonarlint.shaded.org.springframework.beans.factory.support.AbstractAutowireCapableBeanFactory.doCreateBean(AbstractAutowireCapableBeanFactory.java:620)
	at org.sonarsource.sonarlint.shaded.org.springframework.beans.factory.support.AbstractAutowireCapableBeanFactory.createBean(AbstractAutowireCapableBeanFactory.java:542)
	at org.sonarsource.sonarlint.shaded.org.springframework.beans.factory.support.AbstractBeanFactory.lambda$doGetBean$0(AbstractBeanFactory.java:335)
	at org.sonarsource.sonarlint.shaded.org.springframework.beans.factory.support.DefaultSingletonBeanRegistry.getSingleton(DefaultSingletonBeanRegistry.java:234)
	at org.sonarsource.sonarlint.shaded.org.springframework.beans.factory.support.AbstractBeanFactory.doGetBean(AbstractBeanFactory.java:333)
	at org.sonarsource.sonarlint.shaded.org.springframework.beans.factory.support.AbstractBeanFactory.getBean(AbstractBeanFactory.java:208)
	at org.sonarsource.sonarlint.shaded.org.springframework.beans.factory.config.DependencyDescriptor.resolveCandidate(DependencyDescriptor.java:276)
	at org.sonarsource.sonarlint.shaded.org.springframework.beans.factory.support.DefaultListableBeanFactory.doResolveDependency(DefaultListableBeanFactory.java:1391)
	at org.sonarsource.sonarlint.shaded.org.springframework.beans.factory.support.DefaultListableBeanFactory.resolveDependency(DefaultListableBeanFactory.java:1311)
	at org.sonarsource.sonarlint.shaded.org.springframework.beans.factory.support.ConstructorResolver.resolveAutowiredArgument(ConstructorResolver.java:887)
	at org.sonarsource.sonarlint.shaded.org.springframework.beans.factory.support.ConstructorResolver.createArgumentArray(ConstructorResolver.java:791)
	at org.sonarsource.sonarlint.shaded.org.springframework.beans.factory.support.ConstructorResolver.autowireConstructor(ConstructorResolver.java:229)
	at org.sonarsource.sonarlint.shaded.org.springframework.beans.factory.support.AbstractAutowireCapableBeanFactory.autowireConstructor(AbstractAutowireCapableBeanFactory.java:1372)
	at org.sonarsource.sonarlint.shaded.org.springframework.beans.factory.support.AbstractAutowireCapableBeanFactory.createBeanInstance(AbstractAutowireCapableBeanFactory.java:1222)
	at org.sonarsource.sonarlint.shaded.org.springframework.beans.factory.support.AbstractAutowireCapableBeanFactory.doCreateBean(AbstractAutowireCapableBeanFactory.java:582)
	at org.sonarsource.sonarlint.shaded.org.springframework.beans.factory.support.AbstractAutowireCapableBeanFactory.createBean(AbstractAutowireCapableBeanFactory.java:542)
	at org.sonarsource.sonarlint.shaded.org.springframework.beans.factory.support.AbstractBeanFactory.lambda$doGetBean$0(AbstractBeanFactory.java:335)
	at org.sonarsource.sonarlint.shaded.org.springframework.beans.factory.support.DefaultSingletonBeanRegistry.getSingleton(DefaultSingletonBeanRegistry.java:234)
	at org.sonarsource.sonarlint.shaded.org.springframework.beans.factory.support.AbstractBeanFactory.doGetBean(AbstractBeanFactory.java:333)
	at org.sonarsource.sonarlint.shaded.org.springframework.beans.factory.support.AbstractBeanFactory.getBean(AbstractBeanFactory.java:208)
	at org.sonarsource.sonarlint.shaded.org.springframework.beans.factory.support.DefaultListableBeanFactory.preInstantiateSingletons(DefaultListableBeanFactory.java:955)
	at org.sonarsource.sonarlint.shaded.org.springframework.context.support.AbstractApplicationContext.finishBeanFactoryInitialization(AbstractApplicationContext.java:920)
	at org.sonarsource.sonarlint.shaded.org.springframework.context.support.AbstractApplicationContext.refresh(AbstractApplicationContext.java:583)
	at org.sonarsource.sonarlint.core.SonarLintBackendImpl.lambda$initialize$2(SonarLintBackendImpl.java:64)
	at java.base/java.util.concurrent.CompletableFuture$AsyncRun.run(CompletableFuture.java:1804)
	at java.base/java.util.concurrent.CompletableFuture$AsyncRun.exec(CompletableFuture.java:1796)
	at java.base/java.util.concurrent.ForkJoinTask.doExec(ForkJoinTask.java:373)
	at java.base/java.util.concurrent.ForkJoinPool$WorkQueue.topLevelExec(ForkJoinPool.java:1182)
	at java.base/java.util.concurrent.ForkJoinPool.scan(ForkJoinPool.java:1655)
	at java.base/java.util.concurrent.ForkJoinPool.runWorker(ForkJoinPool.java:1622)
	at java.base/java.util.concurrent.ForkJoinWorkerThread.run(ForkJoinWorkerThread.java:165)
2024-05-17 11:35:46,241 [ForkJoinPool.commonPool-worker-1] WARN  jetbrains.exodus.io.FileDataWriter - Can't open directory channel. Log directory fsync won't be performed.
2024-05-17 11:35:46,398 [ForkJoinPool.commonPool-worker-1] INFO  j.exodus.env.EnvironmentImpl - Exodus environment created: C:\Users\tahir\.sonarlint\xodus-local-only-issue-store6875235789020541899
2024-05-17 11:35:46,402 [ForkJoinPool.commonPool-worker-1] INFO  j.exodus.gc.GarbageCollector - Queueing ComputeUtilizationFromScratchJob
2024-05-17 11:35:56,235 [Exodus shared background cleaner] INFO  j.exodus.gc.GarbageCollector - Started calculation of log utilization from scratch at C:\Users\tahir\.sonarlint\xodus-local-only-issue-store6875235789020541899
2024-05-17 11:35:56,247 [Exodus shared background cleaner] INFO  j.exodus.gc.GarbageCollector - Finished calculation of log utilization from scratch at C:\Users\tahir\.sonarlint\xodus-local-only-issue-store6875235789020541899
2024-05-28 10:45:46,956 [ForkJoinPool.commonPool-worker-225] INFO  j.exodus.util.CompressBackupUtil - Backup file "local_only_issue_backup2024-05-28-10-45-46.tar.gz" created.
2024-05-28 10:46:22,023 [Worker-7: Loading available Gradle versions] INFO  o.e.b.c.i.u.g.PublishedGradleVersions - Gradle version information cache is out-of-date. Trying to update.
2024-05-28 10:46:22,626 [ForkJoinPool.commonPool-worker-1] INFO  o.s.s.s.o.s.c.s.PostProcessorRegistrationDelegate$BeanPostProcessorChecker - Bean 'sonarLintSpringAppConfig' of type [org.sonarsource.sonarlint.core.spring.SonarLintSpringAppConfig$$EnhancerBySpringCGLIB$$e70d5334] is not eligible for getting processed by all BeanPostProcessors (for example: not eligible for auto-proxying)
2024-05-28 10:46:22,669 [ForkJoinPool.commonPool-worker-1] INFO  o.s.s.s.o.s.c.s.PostProcessorRegistrationDelegate$BeanPostProcessorChecker - Bean 'provideClientEventBus' of type [com.google.common.eventbus.AsyncEventBus] is not eligible for getting processed by all BeanPostProcessors (for example: not eligible for auto-proxying)
2024-05-28 10:46:23,230 [ForkJoinPool.commonPool-worker-1] INFO  jetbrains.exodus.io.FileDataWriter - Interruptible file channel will be used
java.lang.reflect.InaccessibleObjectException: Unable to make public void sun.nio.ch.FileChannelImpl.setUninterruptible() accessible: module java.base does not "exports sun.nio.ch" to unnamed module @6a7ca35b
	at java.base/java.lang.reflect.AccessibleObject.checkCanSetAccessible(AccessibleObject.java:354)
	at java.base/java.lang.reflect.AccessibleObject.checkCanSetAccessible(AccessibleObject.java:297)
	at java.base/java.lang.reflect.Method.checkCanSetAccessible(Method.java:199)
	at java.base/java.lang.reflect.Method.setAccessible(Method.java:193)
	at jetbrains.exodus.io.FileDataWriter$Companion$setUninterruptibleMethod$1.invoke(FileDataWriter.kt:188)
	at jetbrains.exodus.io.FileDataWriter$Companion$setUninterruptibleMethod$1.invoke(FileDataWriter.kt:185)
	at jetbrains.exodus.util.UnsafeHolder.doPrivileged$lambda-0(UnsafeHolder.kt:30)
	at java.base/java.security.AccessController.doPrivileged(AccessController.java:569)
	at jetbrains.exodus.util.UnsafeHolder.doPrivileged(UnsafeHolder.kt:29)
	at jetbrains.exodus.io.FileDataWriter.<clinit>(FileDataWriter.kt:185)
	at jetbrains.exodus.io.FileDataReaderWriterProvider.newFileDataWriter(FileDataReaderWriterProvider.kt:48)
	at jetbrains.exodus.io.FileDataReaderWriterProvider.newReaderWriter(FileDataReaderWriterProvider.kt:30)
	at jetbrains.exodus.log.LogConfig.createReaderWriter(LogConfig.java:359)
	at jetbrains.exodus.log.LogConfig.getReader(LogConfig.java:125)
	at jetbrains.exodus.log.Log.<init>(Log.kt:52)
	at jetbrains.exodus.env.Environments.newLogInstance(Environments.kt:117)
	at jetbrains.exodus.env.Environments.newLogInstance(Environments.kt:81)
	at jetbrains.exodus.env.Environments.newLogInstance(Environments.kt:77)
	at jetbrains.exodus.env.Environments$newInstance$4.invoke(Environments.kt:46)
	at jetbrains.exodus.env.Environments$newInstance$4.invoke(Environments.kt:46)
	at jetbrains.exodus.env.Environments.prepare(Environments.kt:120)
	at jetbrains.exodus.env.Environments.newInstance(Environments.kt:46)
	at org.sonarsource.sonarlint.core.local.only.XodusLocalOnlyIssueStore.buildEntityStore(XodusLocalOnlyIssueStore.java:201)
	at org.sonarsource.sonarlint.core.local.only.XodusLocalOnlyIssueStore.<init>(XodusLocalOnlyIssueStore.java:94)
	at org.sonarsource.sonarlint.core.local.only.LocalOnlyIssueStorageService.get(LocalOnlyIssueStorageService.java:49)
	at org.sonarsource.sonarlint.core.local.only.LocalOnlyIssueStorageService.purgeOldIssues(LocalOnlyIssueStorageService.java:43)
	at java.base/jdk.internal.reflect.NativeMethodAccessorImpl.invoke0(Native Method)
	at java.base/jdk.internal.reflect.NativeMethodAccessorImpl.invoke(NativeMethodAccessorImpl.java:77)
	at java.base/jdk.internal.reflect.DelegatingMethodAccessorImpl.invoke(DelegatingMethodAccessorImpl.java:43)
	at java.base/java.lang.reflect.Method.invoke(Method.java:568)
	at org.sonarsource.sonarlint.shaded.org.springframework.beans.factory.annotation.InitDestroyAnnotationBeanPostProcessor$LifecycleElement.invoke(InitDestroyAnnotationBeanPostProcessor.java:389)
	at org.sonarsource.sonarlint.shaded.org.springframework.beans.factory.annotation.InitDestroyAnnotationBeanPostProcessor$LifecycleMetadata.invokeInitMethods(InitDestroyAnnotationBeanPostProcessor.java:333)
	at org.sonarsource.sonarlint.shaded.org.springframework.beans.factory.annotation.InitDestroyAnnotationBeanPostProcessor.postProcessBeforeInitialization(InitDestroyAnnotationBeanPostProcessor.java:157)
	at org.sonarsource.sonarlint.shaded.org.springframework.beans.factory.support.AbstractAutowireCapableBeanFactory.applyBeanPostProcessorsBeforeInitialization(AbstractAutowireCapableBeanFactory.java:440)
	at org.sonarsource.sonarlint.shaded.org.springframework.beans.factory.support.AbstractAutowireCapableBeanFactory.initializeBean(AbstractAutowireCapableBeanFactory.java:1796)
	at org.sonarsource.sonarlint.shaded.org.springframework.beans.factory.support.AbstractAutowireCapableBeanFactory.doCreateBean(AbstractAutowireCapableBeanFactory.java:620)
	at org.sonarsource.sonarlint.shaded.org.springframework.beans.factory.support.AbstractAutowireCapableBeanFactory.createBean(AbstractAutowireCapableBeanFactory.java:542)
	at org.sonarsource.sonarlint.shaded.org.springframework.beans.factory.support.AbstractBeanFactory.lambda$doGetBean$0(AbstractBeanFactory.java:335)
	at org.sonarsource.sonarlint.shaded.org.springframework.beans.factory.support.DefaultSingletonBeanRegistry.getSingleton(DefaultSingletonBeanRegistry.java:234)
	at org.sonarsource.sonarlint.shaded.org.springframework.beans.factory.support.AbstractBeanFactory.doGetBean(AbstractBeanFactory.java:333)
	at org.sonarsource.sonarlint.shaded.org.springframework.beans.factory.support.AbstractBeanFactory.getBean(AbstractBeanFactory.java:208)
	at org.sonarsource.sonarlint.shaded.org.springframework.beans.factory.config.DependencyDescriptor.resolveCandidate(DependencyDescriptor.java:276)
	at org.sonarsource.sonarlint.shaded.org.springframework.beans.factory.support.DefaultListableBeanFactory.doResolveDependency(DefaultListableBeanFactory.java:1391)
	at org.sonarsource.sonarlint.shaded.org.springframework.beans.factory.support.DefaultListableBeanFactory.resolveDependency(DefaultListableBeanFactory.java:1311)
	at org.sonarsource.sonarlint.shaded.org.springframework.beans.factory.support.ConstructorResolver.resolveAutowiredArgument(ConstructorResolver.java:887)
	at org.sonarsource.sonarlint.shaded.org.springframework.beans.factory.support.ConstructorResolver.createArgumentArray(ConstructorResolver.java:791)
	at org.sonarsource.sonarlint.shaded.org.springframework.beans.factory.support.ConstructorResolver.autowireConstructor(ConstructorResolver.java:229)
	at org.sonarsource.sonarlint.shaded.org.springframework.beans.factory.support.AbstractAutowireCapableBeanFactory.autowireConstructor(AbstractAutowireCapableBeanFactory.java:1372)
	at org.sonarsource.sonarlint.shaded.org.springframework.beans.factory.support.AbstractAutowireCapableBeanFactory.createBeanInstance(AbstractAutowireCapableBeanFactory.java:1222)
	at org.sonarsource.sonarlint.shaded.org.springframework.beans.factory.support.AbstractAutowireCapableBeanFactory.doCreateBean(AbstractAutowireCapableBeanFactory.java:582)
	at org.sonarsource.sonarlint.shaded.org.springframework.beans.factory.support.AbstractAutowireCapableBeanFactory.createBean(AbstractAutowireCapableBeanFactory.java:542)
	at org.sonarsource.sonarlint.shaded.org.springframework.beans.factory.support.AbstractBeanFactory.lambda$doGetBean$0(AbstractBeanFactory.java:335)
	at org.sonarsource.sonarlint.shaded.org.springframework.beans.factory.support.DefaultSingletonBeanRegistry.getSingleton(DefaultSingletonBeanRegistry.java:234)
	at org.sonarsource.sonarlint.shaded.org.springframework.beans.factory.support.AbstractBeanFactory.doGetBean(AbstractBeanFactory.java:333)
	at org.sonarsource.sonarlint.shaded.org.springframework.beans.factory.support.AbstractBeanFactory.getBean(AbstractBeanFactory.java:208)
	at org.sonarsource.sonarlint.shaded.org.springframework.beans.factory.support.DefaultListableBeanFactory.preInstantiateSingletons(DefaultListableBeanFactory.java:955)
	at org.sonarsource.sonarlint.shaded.org.springframework.context.support.AbstractApplicationContext.finishBeanFactoryInitialization(AbstractApplicationContext.java:920)
	at org.sonarsource.sonarlint.shaded.org.springframework.context.support.AbstractApplicationContext.refresh(AbstractApplicationContext.java:583)
	at org.sonarsource.sonarlint.core.SonarLintBackendImpl.lambda$initialize$2(SonarLintBackendImpl.java:64)
	at java.base/java.util.concurrent.CompletableFuture$AsyncRun.run(CompletableFuture.java:1804)
	at java.base/java.util.concurrent.CompletableFuture$AsyncRun.exec(CompletableFuture.java:1796)
	at java.base/java.util.concurrent.ForkJoinTask.doExec(ForkJoinTask.java:373)
	at java.base/java.util.concurrent.ForkJoinPool$WorkQueue.topLevelExec(ForkJoinPool.java:1182)
	at java.base/java.util.concurrent.ForkJoinPool.scan(ForkJoinPool.java:1655)
	at java.base/java.util.concurrent.ForkJoinPool.runWorker(ForkJoinPool.java:1622)
	at java.base/java.util.concurrent.ForkJoinWorkerThread.run(ForkJoinWorkerThread.java:165)
2024-05-28 10:46:23,235 [ForkJoinPool.commonPool-worker-1] WARN  jetbrains.exodus.io.FileDataWriter - Can't open directory channel. Log directory fsync won't be performed.
2024-05-28 10:46:23,426 [ForkJoinPool.commonPool-worker-1] INFO  j.exodus.env.EnvironmentImpl - Exodus environment created: C:\Users\tahir\.sonarlint\xodus-local-only-issue-store11778361503727823515
2024-05-28 10:46:23,430 [ForkJoinPool.commonPool-worker-1] INFO  j.exodus.gc.GarbageCollector - Queueing ComputeUtilizationFromScratchJob
2024-05-28 10:46:33,227 [Exodus shared background cleaner] INFO  j.exodus.gc.GarbageCollector - Started calculation of log utilization from scratch at C:\Users\tahir\.sonarlint\xodus-local-only-issue-store11778361503727823515
2024-05-28 10:46:33,247 [Exodus shared background cleaner] INFO  j.exodus.gc.GarbageCollector - Finished calculation of log utilization from scratch at C:\Users\tahir\.sonarlint\xodus-local-only-issue-store11778361503727823515
2024-05-28 10:47:51,352 [Worker-5: Loading available Gradle versions] INFO  o.e.b.c.i.u.g.PublishedGradleVersions - Gradle version information cache is up-to-date. Trying to read.
2024-05-28 10:47:52,133 [ForkJoinPool.commonPool-worker-2] INFO  o.s.s.s.o.s.c.s.PostProcessorRegistrationDelegate$BeanPostProcessorChecker - Bean 'sonarLintSpringAppConfig' of type [org.sonarsource.sonarlint.core.spring.SonarLintSpringAppConfig$$EnhancerBySpringCGLIB$$301ce85d] is not eligible for getting processed by all BeanPostProcessors (for example: not eligible for auto-proxying)
2024-05-28 10:47:52,199 [ForkJoinPool.commonPool-worker-2] INFO  o.s.s.s.o.s.c.s.PostProcessorRegistrationDelegate$BeanPostProcessorChecker - Bean 'provideClientEventBus' of type [com.google.common.eventbus.AsyncEventBus] is not eligible for getting processed by all BeanPostProcessors (for example: not eligible for auto-proxying)
2024-05-28 10:47:53,023 [ForkJoinPool.commonPool-worker-2] INFO  jetbrains.exodus.io.FileDataWriter - Interruptible file channel will be used
java.lang.reflect.InaccessibleObjectException: Unable to make public void sun.nio.ch.FileChannelImpl.setUninterruptible() accessible: module java.base does not "exports sun.nio.ch" to unnamed module @7d18c15b
	at java.base/java.lang.reflect.AccessibleObject.checkCanSetAccessible(AccessibleObject.java:354)
	at java.base/java.lang.reflect.AccessibleObject.checkCanSetAccessible(AccessibleObject.java:297)
	at java.base/java.lang.reflect.Method.checkCanSetAccessible(Method.java:199)
	at java.base/java.lang.reflect.Method.setAccessible(Method.java:193)
	at jetbrains.exodus.io.FileDataWriter$Companion$setUninterruptibleMethod$1.invoke(FileDataWriter.kt:188)
	at jetbrains.exodus.io.FileDataWriter$Companion$setUninterruptibleMethod$1.invoke(FileDataWriter.kt:185)
	at jetbrains.exodus.util.UnsafeHolder.doPrivileged$lambda-0(UnsafeHolder.kt:30)
	at java.base/java.security.AccessController.doPrivileged(AccessController.java:569)
	at jetbrains.exodus.util.UnsafeHolder.doPrivileged(UnsafeHolder.kt:29)
	at jetbrains.exodus.io.FileDataWriter.<clinit>(FileDataWriter.kt:185)
	at jetbrains.exodus.io.FileDataReaderWriterProvider.newFileDataWriter(FileDataReaderWriterProvider.kt:48)
	at jetbrains.exodus.io.FileDataReaderWriterProvider.newReaderWriter(FileDataReaderWriterProvider.kt:30)
	at jetbrains.exodus.log.LogConfig.createReaderWriter(LogConfig.java:359)
	at jetbrains.exodus.log.LogConfig.getReader(LogConfig.java:125)
	at jetbrains.exodus.log.Log.<init>(Log.kt:52)
	at jetbrains.exodus.env.Environments.newLogInstance(Environments.kt:117)
	at jetbrains.exodus.env.Environments.newLogInstance(Environments.kt:81)
	at jetbrains.exodus.env.Environments.newLogInstance(Environments.kt:77)
	at jetbrains.exodus.env.Environments$newInstance$4.invoke(Environments.kt:46)
	at jetbrains.exodus.env.Environments$newInstance$4.invoke(Environments.kt:46)
	at jetbrains.exodus.env.Environments.prepare(Environments.kt:120)
	at jetbrains.exodus.env.Environments.newInstance(Environments.kt:46)
	at org.sonarsource.sonarlint.core.local.only.XodusLocalOnlyIssueStore.buildEntityStore(XodusLocalOnlyIssueStore.java:201)
	at org.sonarsource.sonarlint.core.local.only.XodusLocalOnlyIssueStore.<init>(XodusLocalOnlyIssueStore.java:94)
	at org.sonarsource.sonarlint.core.local.only.LocalOnlyIssueStorageService.get(LocalOnlyIssueStorageService.java:49)
	at org.sonarsource.sonarlint.core.local.only.LocalOnlyIssueStorageService.purgeOldIssues(LocalOnlyIssueStorageService.java:43)
	at java.base/jdk.internal.reflect.NativeMethodAccessorImpl.invoke0(Native Method)
	at java.base/jdk.internal.reflect.NativeMethodAccessorImpl.invoke(NativeMethodAccessorImpl.java:77)
	at java.base/jdk.internal.reflect.DelegatingMethodAccessorImpl.invoke(DelegatingMethodAccessorImpl.java:43)
	at java.base/java.lang.reflect.Method.invoke(Method.java:568)
	at org.sonarsource.sonarlint.shaded.org.springframework.beans.factory.annotation.InitDestroyAnnotationBeanPostProcessor$LifecycleElement.invoke(InitDestroyAnnotationBeanPostProcessor.java:389)
	at org.sonarsource.sonarlint.shaded.org.springframework.beans.factory.annotation.InitDestroyAnnotationBeanPostProcessor$LifecycleMetadata.invokeInitMethods(InitDestroyAnnotationBeanPostProcessor.java:333)
	at org.sonarsource.sonarlint.shaded.org.springframework.beans.factory.annotation.InitDestroyAnnotationBeanPostProcessor.postProcessBeforeInitialization(InitDestroyAnnotationBeanPostProcessor.java:157)
	at org.sonarsource.sonarlint.shaded.org.springframework.beans.factory.support.AbstractAutowireCapableBeanFactory.applyBeanPostProcessorsBeforeInitialization(AbstractAutowireCapableBeanFactory.java:440)
	at org.sonarsource.sonarlint.shaded.org.springframework.beans.factory.support.AbstractAutowireCapableBeanFactory.initializeBean(AbstractAutowireCapableBeanFactory.java:1796)
	at org.sonarsource.sonarlint.shaded.org.springframework.beans.factory.support.AbstractAutowireCapableBeanFactory.doCreateBean(AbstractAutowireCapableBeanFactory.java:620)
	at org.sonarsource.sonarlint.shaded.org.springframework.beans.factory.support.AbstractAutowireCapableBeanFactory.createBean(AbstractAutowireCapableBeanFactory.java:542)
	at org.sonarsource.sonarlint.shaded.org.springframework.beans.factory.support.AbstractBeanFactory.lambda$doGetBean$0(AbstractBeanFactory.java:335)
	at org.sonarsource.sonarlint.shaded.org.springframework.beans.factory.support.DefaultSingletonBeanRegistry.getSingleton(DefaultSingletonBeanRegistry.java:234)
	at org.sonarsource.sonarlint.shaded.org.springframework.beans.factory.support.AbstractBeanFactory.doGetBean(AbstractBeanFactory.java:333)
	at org.sonarsource.sonarlint.shaded.org.springframework.beans.factory.support.AbstractBeanFactory.getBean(AbstractBeanFactory.java:208)
	at org.sonarsource.sonarlint.shaded.org.springframework.beans.factory.config.DependencyDescriptor.resolveCandidate(DependencyDescriptor.java:276)
	at org.sonarsource.sonarlint.shaded.org.springframework.beans.factory.support.DefaultListableBeanFactory.doResolveDependency(DefaultListableBeanFactory.java:1391)
	at org.sonarsource.sonarlint.shaded.org.springframework.beans.factory.support.DefaultListableBeanFactory.resolveDependency(DefaultListableBeanFactory.java:1311)
	at org.sonarsource.sonarlint.shaded.org.springframework.beans.factory.support.ConstructorResolver.resolveAutowiredArgument(ConstructorResolver.java:887)
	at org.sonarsource.sonarlint.shaded.org.springframework.beans.factory.support.ConstructorResolver.createArgumentArray(ConstructorResolver.java:791)
	at org.sonarsource.sonarlint.shaded.org.springframework.beans.factory.support.ConstructorResolver.autowireConstructor(ConstructorResolver.java:229)
	at org.sonarsource.sonarlint.shaded.org.springframework.beans.factory.support.AbstractAutowireCapableBeanFactory.autowireConstructor(AbstractAutowireCapableBeanFactory.java:1372)
	at org.sonarsource.sonarlint.shaded.org.springframework.beans.factory.support.AbstractAutowireCapableBeanFactory.createBeanInstance(AbstractAutowireCapableBeanFactory.java:1222)
	at org.sonarsource.sonarlint.shaded.org.springframework.beans.factory.support.AbstractAutowireCapableBeanFactory.doCreateBean(AbstractAutowireCapableBeanFactory.java:582)
	at org.sonarsource.sonarlint.shaded.org.springframework.beans.factory.support.AbstractAutowireCapableBeanFactory.createBean(AbstractAutowireCapableBeanFactory.java:542)
	at org.sonarsource.sonarlint.shaded.org.springframework.beans.factory.support.AbstractBeanFactory.lambda$doGetBean$0(AbstractBeanFactory.java:335)
	at org.sonarsource.sonarlint.shaded.org.springframework.beans.factory.support.DefaultSingletonBeanRegistry.getSingleton(DefaultSingletonBeanRegistry.java:234)
	at org.sonarsource.sonarlint.shaded.org.springframework.beans.factory.support.AbstractBeanFactory.doGetBean(AbstractBeanFactory.java:333)
	at org.sonarsource.sonarlint.shaded.org.springframework.beans.factory.support.AbstractBeanFactory.getBean(AbstractBeanFactory.java:208)
	at org.sonarsource.sonarlint.shaded.org.springframework.beans.factory.support.DefaultListableBeanFactory.preInstantiateSingletons(DefaultListableBeanFactory.java:955)
	at org.sonarsource.sonarlint.shaded.org.springframework.context.support.AbstractApplicationContext.finishBeanFactoryInitialization(AbstractApplicationContext.java:920)
	at org.sonarsource.sonarlint.shaded.org.springframework.context.support.AbstractApplicationContext.refresh(AbstractApplicationContext.java:583)
	at org.sonarsource.sonarlint.core.SonarLintBackendImpl.lambda$initialize$2(SonarLintBackendImpl.java:64)
	at java.base/java.util.concurrent.CompletableFuture$AsyncRun.run(CompletableFuture.java:1804)
	at java.base/java.util.concurrent.CompletableFuture$AsyncRun.exec(CompletableFuture.java:1796)
	at java.base/java.util.concurrent.ForkJoinTask.doExec(ForkJoinTask.java:373)
	at java.base/java.util.concurrent.ForkJoinPool$WorkQueue.topLevelExec(ForkJoinPool.java:1182)
	at java.base/java.util.concurrent.ForkJoinPool.scan(ForkJoinPool.java:1655)
	at java.base/java.util.concurrent.ForkJoinPool.runWorker(ForkJoinPool.java:1622)
	at java.base/java.util.concurrent.ForkJoinWorkerThread.run(ForkJoinWorkerThread.java:165)
2024-05-28 10:47:53,028 [ForkJoinPool.commonPool-worker-2] WARN  jetbrains.exodus.io.FileDataWriter - Can't open directory channel. Log directory fsync won't be performed.
2024-05-28 10:47:53,246 [ForkJoinPool.commonPool-worker-2] INFO  j.exodus.env.EnvironmentImpl - Exodus environment created: C:\Users\tahir\.sonarlint\xodus-local-only-issue-store4884164934988441349
2024-05-28 10:47:53,251 [ForkJoinPool.commonPool-worker-2] INFO  j.exodus.gc.GarbageCollector - Queueing ComputeUtilizationFromScratchJob
2024-05-28 10:48:03,027 [Exodus shared background cleaner] INFO  j.exodus.gc.GarbageCollector - Started calculation of log utilization from scratch at C:\Users\tahir\.sonarlint\xodus-local-only-issue-store4884164934988441349
2024-05-28 10:48:03,033 [Exodus shared background cleaner] INFO  j.exodus.gc.GarbageCollector - Finished calculation of log utilization from scratch at C:\Users\tahir\.sonarlint\xodus-local-only-issue-store4884164934988441349
2024-05-28 13:39:41,770 [Worker-8: Loading available Gradle versions] INFO  o.e.b.c.i.u.g.PublishedGradleVersions - Gradle version information cache is up-to-date. Trying to read.
2024-05-28 13:39:42,466 [ForkJoinPool.commonPool-worker-1] INFO  o.s.s.s.o.s.c.s.PostProcessorRegistrationDelegate$BeanPostProcessorChecker - Bean 'sonarLintSpringAppConfig' of type [org.sonarsource.sonarlint.core.spring.SonarLintSpringAppConfig$$EnhancerBySpringCGLIB$$736f4e6b] is not eligible for getting processed by all BeanPostProcessors (for example: not eligible for auto-proxying)
2024-05-28 13:39:42,513 [ForkJoinPool.commonPool-worker-1] INFO  o.s.s.s.o.s.c.s.PostProcessorRegistrationDelegate$BeanPostProcessorChecker - Bean 'provideClientEventBus' of type [com.google.common.eventbus.AsyncEventBus] is not eligible for getting processed by all BeanPostProcessors (for example: not eligible for auto-proxying)
2024-05-28 13:39:43,318 [ForkJoinPool.commonPool-worker-1] INFO  jetbrains.exodus.io.FileDataWriter - Interruptible file channel will be used
java.lang.reflect.InaccessibleObjectException: Unable to make public void sun.nio.ch.FileChannelImpl.setUninterruptible() accessible: module java.base does not "exports sun.nio.ch" to unnamed module @36f4d802
	at java.base/java.lang.reflect.AccessibleObject.checkCanSetAccessible(AccessibleObject.java:354)
	at java.base/java.lang.reflect.AccessibleObject.checkCanSetAccessible(AccessibleObject.java:297)
	at java.base/java.lang.reflect.Method.checkCanSetAccessible(Method.java:199)
	at java.base/java.lang.reflect.Method.setAccessible(Method.java:193)
	at jetbrains.exodus.io.FileDataWriter$Companion$setUninterruptibleMethod$1.invoke(FileDataWriter.kt:188)
	at jetbrains.exodus.io.FileDataWriter$Companion$setUninterruptibleMethod$1.invoke(FileDataWriter.kt:185)
	at jetbrains.exodus.util.UnsafeHolder.doPrivileged$lambda-0(UnsafeHolder.kt:30)
	at java.base/java.security.AccessController.doPrivileged(AccessController.java:569)
	at jetbrains.exodus.util.UnsafeHolder.doPrivileged(UnsafeHolder.kt:29)
	at jetbrains.exodus.io.FileDataWriter.<clinit>(FileDataWriter.kt:185)
	at jetbrains.exodus.io.FileDataReaderWriterProvider.newFileDataWriter(FileDataReaderWriterProvider.kt:48)
	at jetbrains.exodus.io.FileDataReaderWriterProvider.newReaderWriter(FileDataReaderWriterProvider.kt:30)
	at jetbrains.exodus.log.LogConfig.createReaderWriter(LogConfig.java:359)
	at jetbrains.exodus.log.LogConfig.getReader(LogConfig.java:125)
	at jetbrains.exodus.log.Log.<init>(Log.kt:52)
	at jetbrains.exodus.env.Environments.newLogInstance(Environments.kt:117)
	at jetbrains.exodus.env.Environments.newLogInstance(Environments.kt:81)
	at jetbrains.exodus.env.Environments.newLogInstance(Environments.kt:77)
	at jetbrains.exodus.env.Environments$newInstance$4.invoke(Environments.kt:46)
	at jetbrains.exodus.env.Environments$newInstance$4.invoke(Environments.kt:46)
	at jetbrains.exodus.env.Environments.prepare(Environments.kt:120)
	at jetbrains.exodus.env.Environments.newInstance(Environments.kt:46)
	at org.sonarsource.sonarlint.core.local.only.XodusLocalOnlyIssueStore.buildEntityStore(XodusLocalOnlyIssueStore.java:201)
	at org.sonarsource.sonarlint.core.local.only.XodusLocalOnlyIssueStore.<init>(XodusLocalOnlyIssueStore.java:94)
	at org.sonarsource.sonarlint.core.local.only.LocalOnlyIssueStorageService.get(LocalOnlyIssueStorageService.java:49)
	at org.sonarsource.sonarlint.core.local.only.LocalOnlyIssueStorageService.purgeOldIssues(LocalOnlyIssueStorageService.java:43)
	at java.base/jdk.internal.reflect.NativeMethodAccessorImpl.invoke0(Native Method)
	at java.base/jdk.internal.reflect.NativeMethodAccessorImpl.invoke(NativeMethodAccessorImpl.java:77)
	at java.base/jdk.internal.reflect.DelegatingMethodAccessorImpl.invoke(DelegatingMethodAccessorImpl.java:43)
	at java.base/java.lang.reflect.Method.invoke(Method.java:568)
	at org.sonarsource.sonarlint.shaded.org.springframework.beans.factory.annotation.InitDestroyAnnotationBeanPostProcessor$LifecycleElement.invoke(InitDestroyAnnotationBeanPostProcessor.java:389)
	at org.sonarsource.sonarlint.shaded.org.springframework.beans.factory.annotation.InitDestroyAnnotationBeanPostProcessor$LifecycleMetadata.invokeInitMethods(InitDestroyAnnotationBeanPostProcessor.java:333)
	at org.sonarsource.sonarlint.shaded.org.springframework.beans.factory.annotation.InitDestroyAnnotationBeanPostProcessor.postProcessBeforeInitialization(InitDestroyAnnotationBeanPostProcessor.java:157)
	at org.sonarsource.sonarlint.shaded.org.springframework.beans.factory.support.AbstractAutowireCapableBeanFactory.applyBeanPostProcessorsBeforeInitialization(AbstractAutowireCapableBeanFactory.java:440)
	at org.sonarsource.sonarlint.shaded.org.springframework.beans.factory.support.AbstractAutowireCapableBeanFactory.initializeBean(AbstractAutowireCapableBeanFactory.java:1796)
	at org.sonarsource.sonarlint.shaded.org.springframework.beans.factory.support.AbstractAutowireCapableBeanFactory.doCreateBean(AbstractAutowireCapableBeanFactory.java:620)
	at org.sonarsource.sonarlint.shaded.org.springframework.beans.factory.support.AbstractAutowireCapableBeanFactory.createBean(AbstractAutowireCapableBeanFactory.java:542)
	at org.sonarsource.sonarlint.shaded.org.springframework.beans.factory.support.AbstractBeanFactory.lambda$doGetBean$0(AbstractBeanFactory.java:335)
	at org.sonarsource.sonarlint.shaded.org.springframework.beans.factory.support.DefaultSingletonBeanRegistry.getSingleton(DefaultSingletonBeanRegistry.java:234)
	at org.sonarsource.sonarlint.shaded.org.springframework.beans.factory.support.AbstractBeanFactory.doGetBean(AbstractBeanFactory.java:333)
	at org.sonarsource.sonarlint.shaded.org.springframework.beans.factory.support.AbstractBeanFactory.getBean(AbstractBeanFactory.java:208)
	at org.sonarsource.sonarlint.shaded.org.springframework.beans.factory.config.DependencyDescriptor.resolveCandidate(DependencyDescriptor.java:276)
	at org.sonarsource.sonarlint.shaded.org.springframework.beans.factory.support.DefaultListableBeanFactory.doResolveDependency(DefaultListableBeanFactory.java:1391)
	at org.sonarsource.sonarlint.shaded.org.springframework.beans.factory.support.DefaultListableBeanFactory.resolveDependency(DefaultListableBeanFactory.java:1311)
	at org.sonarsource.sonarlint.shaded.org.springframework.beans.factory.support.ConstructorResolver.resolveAutowiredArgument(ConstructorResolver.java:887)
	at org.sonarsource.sonarlint.shaded.org.springframework.beans.factory.support.ConstructorResolver.createArgumentArray(ConstructorResolver.java:791)
	at org.sonarsource.sonarlint.shaded.org.springframework.beans.factory.support.ConstructorResolver.autowireConstructor(ConstructorResolver.java:229)
	at org.sonarsource.sonarlint.shaded.org.springframework.beans.factory.support.AbstractAutowireCapableBeanFactory.autowireConstructor(AbstractAutowireCapableBeanFactory.java:1372)
	at org.sonarsource.sonarlint.shaded.org.springframework.beans.factory.support.AbstractAutowireCapableBeanFactory.createBeanInstance(AbstractAutowireCapableBeanFactory.java:1222)
	at org.sonarsource.sonarlint.shaded.org.springframework.beans.factory.support.AbstractAutowireCapableBeanFactory.doCreateBean(AbstractAutowireCapableBeanFactory.java:582)
	at org.sonarsource.sonarlint.shaded.org.springframework.beans.factory.support.AbstractAutowireCapableBeanFactory.createBean(AbstractAutowireCapableBeanFactory.java:542)
	at org.sonarsource.sonarlint.shaded.org.springframework.beans.factory.support.AbstractBeanFactory.lambda$doGetBean$0(AbstractBeanFactory.java:335)
	at org.sonarsource.sonarlint.shaded.org.springframework.beans.factory.support.DefaultSingletonBeanRegistry.getSingleton(DefaultSingletonBeanRegistry.java:234)
	at org.sonarsource.sonarlint.shaded.org.springframework.beans.factory.support.AbstractBeanFactory.doGetBean(AbstractBeanFactory.java:333)
	at org.sonarsource.sonarlint.shaded.org.springframework.beans.factory.support.AbstractBeanFactory.getBean(AbstractBeanFactory.java:208)
	at org.sonarsource.sonarlint.shaded.org.springframework.beans.factory.support.DefaultListableBeanFactory.preInstantiateSingletons(DefaultListableBeanFactory.java:955)
	at org.sonarsource.sonarlint.shaded.org.springframework.context.support.AbstractApplicationContext.finishBeanFactoryInitialization(AbstractApplicationContext.java:920)
	at org.sonarsource.sonarlint.shaded.org.springframework.context.support.AbstractApplicationContext.refresh(AbstractApplicationContext.java:583)
	at org.sonarsource.sonarlint.core.SonarLintBackendImpl.lambda$initialize$2(SonarLintBackendImpl.java:64)
	at java.base/java.util.concurrent.CompletableFuture$AsyncRun.run(CompletableFuture.java:1804)
	at java.base/java.util.concurrent.CompletableFuture$AsyncRun.exec(CompletableFuture.java:1796)
	at java.base/java.util.concurrent.ForkJoinTask.doExec(ForkJoinTask.java:373)
	at java.base/java.util.concurrent.ForkJoinPool$WorkQueue.topLevelExec(ForkJoinPool.java:1182)
	at java.base/java.util.concurrent.ForkJoinPool.scan(ForkJoinPool.java:1655)
	at java.base/java.util.concurrent.ForkJoinPool.runWorker(ForkJoinPool.java:1622)
	at java.base/java.util.concurrent.ForkJoinWorkerThread.run(ForkJoinWorkerThread.java:165)
2024-05-28 13:39:43,321 [ForkJoinPool.commonPool-worker-1] WARN  jetbrains.exodus.io.FileDataWriter - Can't open directory channel. Log directory fsync won't be performed.
2024-05-28 13:39:43,497 [ForkJoinPool.commonPool-worker-1] INFO  j.exodus.env.EnvironmentImpl - Exodus environment created: C:\Users\tahir\.sonarlint\xodus-local-only-issue-store14965337515866311640
2024-05-28 13:39:43,502 [ForkJoinPool.commonPool-worker-1] INFO  j.exodus.gc.GarbageCollector - Queueing ComputeUtilizationFromScratchJob
2024-05-28 13:39:53,314 [Exodus shared background cleaner] INFO  j.exodus.gc.GarbageCollector - Started calculation of log utilization from scratch at C:\Users\tahir\.sonarlint\xodus-local-only-issue-store14965337515866311640
2024-05-28 13:39:53,325 [Exodus shared background cleaner] INFO  j.exodus.gc.GarbageCollector - Finished calculation of log utilization from scratch at C:\Users\tahir\.sonarlint\xodus-local-only-issue-store14965337515866311640
2024-05-30 21:24:10,740 [Worker-6: Loading available Gradle versions] INFO  o.e.b.c.i.u.g.PublishedGradleVersions - Gradle version information cache is out-of-date. Trying to update.
2024-05-30 21:24:11,568 [ForkJoinPool.commonPool-worker-1] INFO  o.s.s.s.o.s.c.s.PostProcessorRegistrationDelegate$BeanPostProcessorChecker - Bean 'sonarLintSpringAppConfig' of type [org.sonarsource.sonarlint.core.spring.SonarLintSpringAppConfig$$EnhancerBySpringCGLIB$$b3c003e1] is not eligible for getting processed by all BeanPostProcessors (for example: not eligible for auto-proxying)
2024-05-30 21:24:11,633 [ForkJoinPool.commonPool-worker-1] INFO  o.s.s.s.o.s.c.s.PostProcessorRegistrationDelegate$BeanPostProcessorChecker - Bean 'provideClientEventBus' of type [com.google.common.eventbus.AsyncEventBus] is not eligible for getting processed by all BeanPostProcessors (for example: not eligible for auto-proxying)
2024-05-30 21:24:12,472 [ForkJoinPool.commonPool-worker-1] INFO  jetbrains.exodus.io.FileDataWriter - Interruptible file channel will be used
java.lang.reflect.InaccessibleObjectException: Unable to make public void sun.nio.ch.FileChannelImpl.setUninterruptible() accessible: module java.base does not "exports sun.nio.ch" to unnamed module @88903dc
	at java.base/java.lang.reflect.AccessibleObject.checkCanSetAccessible(AccessibleObject.java:354)
	at java.base/java.lang.reflect.AccessibleObject.checkCanSetAccessible(AccessibleObject.java:297)
	at java.base/java.lang.reflect.Method.checkCanSetAccessible(Method.java:199)
	at java.base/java.lang.reflect.Method.setAccessible(Method.java:193)
	at jetbrains.exodus.io.FileDataWriter$Companion$setUninterruptibleMethod$1.invoke(FileDataWriter.kt:188)
	at jetbrains.exodus.io.FileDataWriter$Companion$setUninterruptibleMethod$1.invoke(FileDataWriter.kt:185)
	at jetbrains.exodus.util.UnsafeHolder.doPrivileged$lambda-0(UnsafeHolder.kt:30)
	at java.base/java.security.AccessController.doPrivileged(AccessController.java:569)
	at jetbrains.exodus.util.UnsafeHolder.doPrivileged(UnsafeHolder.kt:29)
	at jetbrains.exodus.io.FileDataWriter.<clinit>(FileDataWriter.kt:185)
	at jetbrains.exodus.io.FileDataReaderWriterProvider.newFileDataWriter(FileDataReaderWriterProvider.kt:48)
	at jetbrains.exodus.io.FileDataReaderWriterProvider.newReaderWriter(FileDataReaderWriterProvider.kt:30)
	at jetbrains.exodus.log.LogConfig.createReaderWriter(LogConfig.java:359)
	at jetbrains.exodus.log.LogConfig.getReader(LogConfig.java:125)
	at jetbrains.exodus.log.Log.<init>(Log.kt:52)
	at jetbrains.exodus.env.Environments.newLogInstance(Environments.kt:117)
	at jetbrains.exodus.env.Environments.newLogInstance(Environments.kt:81)
	at jetbrains.exodus.env.Environments.newLogInstance(Environments.kt:77)
	at jetbrains.exodus.env.Environments$newInstance$4.invoke(Environments.kt:46)
	at jetbrains.exodus.env.Environments$newInstance$4.invoke(Environments.kt:46)
	at jetbrains.exodus.env.Environments.prepare(Environments.kt:120)
	at jetbrains.exodus.env.Environments.newInstance(Environments.kt:46)
	at org.sonarsource.sonarlint.core.local.only.XodusLocalOnlyIssueStore.buildEntityStore(XodusLocalOnlyIssueStore.java:201)
	at org.sonarsource.sonarlint.core.local.only.XodusLocalOnlyIssueStore.<init>(XodusLocalOnlyIssueStore.java:94)
	at org.sonarsource.sonarlint.core.local.only.LocalOnlyIssueStorageService.get(LocalOnlyIssueStorageService.java:49)
	at org.sonarsource.sonarlint.core.local.only.LocalOnlyIssueStorageService.purgeOldIssues(LocalOnlyIssueStorageService.java:43)
	at java.base/jdk.internal.reflect.NativeMethodAccessorImpl.invoke0(Native Method)
	at java.base/jdk.internal.reflect.NativeMethodAccessorImpl.invoke(NativeMethodAccessorImpl.java:77)
	at java.base/jdk.internal.reflect.DelegatingMethodAccessorImpl.invoke(DelegatingMethodAccessorImpl.java:43)
	at java.base/java.lang.reflect.Method.invoke(Method.java:568)
	at org.sonarsource.sonarlint.shaded.org.springframework.beans.factory.annotation.InitDestroyAnnotationBeanPostProcessor$LifecycleElement.invoke(InitDestroyAnnotationBeanPostProcessor.java:389)
	at org.sonarsource.sonarlint.shaded.org.springframework.beans.factory.annotation.InitDestroyAnnotationBeanPostProcessor$LifecycleMetadata.invokeInitMethods(InitDestroyAnnotationBeanPostProcessor.java:333)
	at org.sonarsource.sonarlint.shaded.org.springframework.beans.factory.annotation.InitDestroyAnnotationBeanPostProcessor.postProcessBeforeInitialization(InitDestroyAnnotationBeanPostProcessor.java:157)
	at org.sonarsource.sonarlint.shaded.org.springframework.beans.factory.support.AbstractAutowireCapableBeanFactory.applyBeanPostProcessorsBeforeInitialization(AbstractAutowireCapableBeanFactory.java:440)
	at org.sonarsource.sonarlint.shaded.org.springframework.beans.factory.support.AbstractAutowireCapableBeanFactory.initializeBean(AbstractAutowireCapableBeanFactory.java:1796)
	at org.sonarsource.sonarlint.shaded.org.springframework.beans.factory.support.AbstractAutowireCapableBeanFactory.doCreateBean(AbstractAutowireCapableBeanFactory.java:620)
	at org.sonarsource.sonarlint.shaded.org.springframework.beans.factory.support.AbstractAutowireCapableBeanFactory.createBean(AbstractAutowireCapableBeanFactory.java:542)
	at org.sonarsource.sonarlint.shaded.org.springframework.beans.factory.support.AbstractBeanFactory.lambda$doGetBean$0(AbstractBeanFactory.java:335)
	at org.sonarsource.sonarlint.shaded.org.springframework.beans.factory.support.DefaultSingletonBeanRegistry.getSingleton(DefaultSingletonBeanRegistry.java:234)
	at org.sonarsource.sonarlint.shaded.org.springframework.beans.factory.support.AbstractBeanFactory.doGetBean(AbstractBeanFactory.java:333)
	at org.sonarsource.sonarlint.shaded.org.springframework.beans.factory.support.AbstractBeanFactory.getBean(AbstractBeanFactory.java:208)
	at org.sonarsource.sonarlint.shaded.org.springframework.beans.factory.config.DependencyDescriptor.resolveCandidate(DependencyDescriptor.java:276)
	at org.sonarsource.sonarlint.shaded.org.springframework.beans.factory.support.DefaultListableBeanFactory.doResolveDependency(DefaultListableBeanFactory.java:1391)
	at org.sonarsource.sonarlint.shaded.org.springframework.beans.factory.support.DefaultListableBeanFactory.resolveDependency(DefaultListableBeanFactory.java:1311)
	at org.sonarsource.sonarlint.shaded.org.springframework.beans.factory.support.ConstructorResolver.resolveAutowiredArgument(ConstructorResolver.java:887)
	at org.sonarsource.sonarlint.shaded.org.springframework.beans.factory.support.ConstructorResolver.createArgumentArray(ConstructorResolver.java:791)
	at org.sonarsource.sonarlint.shaded.org.springframework.beans.factory.support.ConstructorResolver.autowireConstructor(ConstructorResolver.java:229)
	at org.sonarsource.sonarlint.shaded.org.springframework.beans.factory.support.AbstractAutowireCapableBeanFactory.autowireConstructor(AbstractAutowireCapableBeanFactory.java:1372)
	at org.sonarsource.sonarlint.shaded.org.springframework.beans.factory.support.AbstractAutowireCapableBeanFactory.createBeanInstance(AbstractAutowireCapableBeanFactory.java:1222)
	at org.sonarsource.sonarlint.shaded.org.springframework.beans.factory.support.AbstractAutowireCapableBeanFactory.doCreateBean(AbstractAutowireCapableBeanFactory.java:582)
	at org.sonarsource.sonarlint.shaded.org.springframework.beans.factory.support.AbstractAutowireCapableBeanFactory.createBean(AbstractAutowireCapableBeanFactory.java:542)
	at org.sonarsource.sonarlint.shaded.org.springframework.beans.factory.support.AbstractBeanFactory.lambda$doGetBean$0(AbstractBeanFactory.java:335)
	at org.sonarsource.sonarlint.shaded.org.springframework.beans.factory.support.DefaultSingletonBeanRegistry.getSingleton(DefaultSingletonBeanRegistry.java:234)
	at org.sonarsource.sonarlint.shaded.org.springframework.beans.factory.support.AbstractBeanFactory.doGetBean(AbstractBeanFactory.java:333)
	at org.sonarsource.sonarlint.shaded.org.springframework.beans.factory.support.AbstractBeanFactory.getBean(AbstractBeanFactory.java:208)
	at org.sonarsource.sonarlint.shaded.org.springframework.beans.factory.support.DefaultListableBeanFactory.preInstantiateSingletons(DefaultListableBeanFactory.java:955)
	at org.sonarsource.sonarlint.shaded.org.springframework.context.support.AbstractApplicationContext.finishBeanFactoryInitialization(AbstractApplicationContext.java:920)
	at org.sonarsource.sonarlint.shaded.org.springframework.context.support.AbstractApplicationContext.refresh(AbstractApplicationContext.java:583)
	at org.sonarsource.sonarlint.core.SonarLintBackendImpl.lambda$initialize$2(SonarLintBackendImpl.java:64)
	at java.base/java.util.concurrent.CompletableFuture$AsyncRun.run(CompletableFuture.java:1804)
	at java.base/java.util.concurrent.CompletableFuture$AsyncRun.exec(CompletableFuture.java:1796)
	at java.base/java.util.concurrent.ForkJoinTask.doExec(ForkJoinTask.java:373)
	at java.base/java.util.concurrent.ForkJoinPool$WorkQueue.topLevelExec(ForkJoinPool.java:1182)
	at java.base/java.util.concurrent.ForkJoinPool.scan(ForkJoinPool.java:1655)
	at java.base/java.util.concurrent.ForkJoinPool.runWorker(ForkJoinPool.java:1622)
	at java.base/java.util.concurrent.ForkJoinWorkerThread.run(ForkJoinWorkerThread.java:165)
2024-05-30 21:24:12,477 [ForkJoinPool.commonPool-worker-1] WARN  jetbrains.exodus.io.FileDataWriter - Can't open directory channel. Log directory fsync won't be performed.
2024-05-30 21:24:12,688 [ForkJoinPool.commonPool-worker-1] INFO  j.exodus.env.EnvironmentImpl - Exodus environment created: C:\Users\tahir\.sonarlint\xodus-local-only-issue-store1677950781145581936
2024-05-30 21:24:12,692 [ForkJoinPool.commonPool-worker-1] INFO  j.exodus.gc.GarbageCollector - Queueing ComputeUtilizationFromScratchJob
2024-05-30 21:24:22,467 [Exodus shared background cleaner] INFO  j.exodus.gc.GarbageCollector - Started calculation of log utilization from scratch at C:\Users\tahir\.sonarlint\xodus-local-only-issue-store1677950781145581936
2024-05-30 21:24:22,483 [Exodus shared background cleaner] INFO  j.exodus.gc.GarbageCollector - Finished calculation of log utilization from scratch at C:\Users\tahir\.sonarlint\xodus-local-only-issue-store1677950781145581936
